2021-07-11 20:45:19 [-][-][-][error][yii\db\Exception] PDOException: SQLSTATE[HY000] [2002] No connection could be made because the target machine actively refused it.
 in E:\XAMPP\htdocs\Test_0\yii-application\vendor\yiisoft\yii2\db\Connection.php:719
Stack trace:
#0 E:\XAMPP\htdocs\Test_0\yii-application\vendor\yiisoft\yii2\db\Connection.php(719): PDO->__construct('mysql:host=loca...', 'root', '', NULL)
#1 E:\XAMPP\htdocs\Test_0\yii-application\vendor\yiisoft\yii2\db\Connection.php(638): yii\db\Connection->createPdoInstance()
#2 E:\XAMPP\htdocs\Test_0\yii-application\vendor\yiisoft\yii2\db\Connection.php(1059): yii\db\Connection->open()
#3 E:\XAMPP\htdocs\Test_0\yii-application\vendor\yiisoft\yii2\db\Connection.php(1046): yii\db\Connection->getMasterPdo()
#4 E:\XAMPP\htdocs\Test_0\yii-application\vendor\yiisoft\yii2\db\Command.php(261): yii\db\Connection->getSlavePdo()
#5 E:\XAMPP\htdocs\Test_0\yii-application\vendor\yiisoft\yii2\db\Command.php(1163): yii\db\Command->prepare(true)
#6 E:\XAMPP\htdocs\Test_0\yii-application\vendor\yiisoft\yii2\db\Command.php(410): yii\db\Command->queryInternal('fetchAll', NULL)
#7 E:\XAMPP\htdocs\Test_0\yii-application\vendor\yiisoft\yii2\db\mysql\Schema.php(319): yii\db\Command->queryAll()
#8 E:\XAMPP\htdocs\Test_0\yii-application\vendor\yiisoft\yii2\db\mysql\Schema.php(125): yii\db\mysql\Schema->findColumns(Object(yii\db\TableSchema))
#9 E:\XAMPP\htdocs\Test_0\yii-application\vendor\yiisoft\yii2\db\Schema.php(758): yii\db\mysql\Schema->loadTableSchema('migration')
#10 E:\XAMPP\htdocs\Test_0\yii-application\vendor\yiisoft\yii2\db\Schema.php(194): yii\db\Schema->getTableMetadata('{{%migration}}', 'schema', true)
#11 E:\XAMPP\htdocs\Test_0\yii-application\vendor\yiisoft\yii2\console\controllers\MigrateController.php(371): yii\db\Schema->getTableSchema('{{%migration}}', true)
#12 E:\XAMPP\htdocs\Test_0\yii-application\vendor\yiisoft\yii2\console\controllers\BaseMigrateController.php(645): yii\console\controllers\MigrateController->getMigrationNameLimit()
#13 [internal function]: yii\console\controllers\BaseMigrateController->actionCreate('Products')
#14 E:\XAMPP\htdocs\Test_0\yii-application\vendor\yiisoft\yii2\base\InlineAction.php(57): call_user_func_array(Array, Array)
#15 E:\XAMPP\htdocs\Test_0\yii-application\vendor\yiisoft\yii2\base\Controller.php(181): yii\base\InlineAction->runWithParams(Array)
#16 E:\XAMPP\htdocs\Test_0\yii-application\vendor\yiisoft\yii2\console\Controller.php(184): yii\base\Controller->runAction('create', Array)
#17 E:\XAMPP\htdocs\Test_0\yii-application\vendor\yiisoft\yii2\base\Module.php(534): yii\console\Controller->runAction('create', Array)
#18 E:\XAMPP\htdocs\Test_0\yii-application\vendor\yiisoft\yii2\console\Application.php(181): yii\base\Module->runAction('migrate/create', Array)
#19 E:\XAMPP\htdocs\Test_0\yii-application\vendor\yiisoft\yii2\console\Application.php(148): yii\console\Application->runAction('migrate/create', Array)
#20 E:\XAMPP\htdocs\Test_0\yii-application\vendor\yiisoft\yii2\base\Application.php(392): yii\console\Application->handleRequest(Object(yii\console\Request))
#21 E:\XAMPP\htdocs\Test_0\yii-application\yii(23): yii\base\Application->run()
#22 {main}

Next yii\db\Exception: SQLSTATE[HY000] [2002] No connection could be made because the target machine actively refused it.
 in E:\XAMPP\htdocs\Test_0\yii-application\vendor\yiisoft\yii2\db\Connection.php:649
Stack trace:
#0 E:\XAMPP\htdocs\Test_0\yii-application\vendor\yiisoft\yii2\db\Connection.php(1059): yii\db\Connection->open()
#1 E:\XAMPP\htdocs\Test_0\yii-application\vendor\yiisoft\yii2\db\Connection.php(1046): yii\db\Connection->getMasterPdo()
#2 E:\XAMPP\htdocs\Test_0\yii-application\vendor\yiisoft\yii2\db\Command.php(261): yii\db\Connection->getSlavePdo()
#3 E:\XAMPP\htdocs\Test_0\yii-application\vendor\yiisoft\yii2\db\Command.php(1163): yii\db\Command->prepare(true)
#4 E:\XAMPP\htdocs\Test_0\yii-application\vendor\yiisoft\yii2\db\Command.php(410): yii\db\Command->queryInternal('fetchAll', NULL)
#5 E:\XAMPP\htdocs\Test_0\yii-application\vendor\yiisoft\yii2\db\mysql\Schema.php(319): yii\db\Command->queryAll()
#6 E:\XAMPP\htdocs\Test_0\yii-application\vendor\yiisoft\yii2\db\mysql\Schema.php(125): yii\db\mysql\Schema->findColumns(Object(yii\db\TableSchema))
#7 E:\XAMPP\htdocs\Test_0\yii-application\vendor\yiisoft\yii2\db\Schema.php(758): yii\db\mysql\Schema->loadTableSchema('migration')
#8 E:\XAMPP\htdocs\Test_0\yii-application\vendor\yiisoft\yii2\db\Schema.php(194): yii\db\Schema->getTableMetadata('{{%migration}}', 'schema', true)
#9 E:\XAMPP\htdocs\Test_0\yii-application\vendor\yiisoft\yii2\console\controllers\MigrateController.php(371): yii\db\Schema->getTableSchema('{{%migration}}', true)
#10 E:\XAMPP\htdocs\Test_0\yii-application\vendor\yiisoft\yii2\console\controllers\BaseMigrateController.php(645): yii\console\controllers\MigrateController->getMigrationNameLimit()
#11 [internal function]: yii\console\controllers\BaseMigrateController->actionCreate('Products')
#12 E:\XAMPP\htdocs\Test_0\yii-application\vendor\yiisoft\yii2\base\InlineAction.php(57): call_user_func_array(Array, Array)
#13 E:\XAMPP\htdocs\Test_0\yii-application\vendor\yiisoft\yii2\base\Controller.php(181): yii\base\InlineAction->runWithParams(Array)
#14 E:\XAMPP\htdocs\Test_0\yii-application\vendor\yiisoft\yii2\console\Controller.php(184): yii\base\Controller->runAction('create', Array)
#15 E:\XAMPP\htdocs\Test_0\yii-application\vendor\yiisoft\yii2\base\Module.php(534): yii\console\Controller->runAction('create', Array)
#16 E:\XAMPP\htdocs\Test_0\yii-application\vendor\yiisoft\yii2\console\Application.php(181): yii\base\Module->runAction('migrate/create', Array)
#17 E:\XAMPP\htdocs\Test_0\yii-application\vendor\yiisoft\yii2\console\Application.php(148): yii\console\Application->runAction('migrate/create', Array)
#18 E:\XAMPP\htdocs\Test_0\yii-application\vendor\yiisoft\yii2\base\Application.php(392): yii\console\Application->handleRequest(Object(yii\console\Request))
#19 E:\XAMPP\htdocs\Test_0\yii-application\yii(23): yii\base\Application->run()
#20 {main}
Additional Information:
Array
(
    [0] => HY000
    [1] => 2002
    [2] => No connection could be made because the target machine actively refused it.

)

2021-07-11 20:45:14 [-][-][-][info][application] $_GET = []

$_POST = []

$_FILES = []

$_COOKIE = []

$_SERVER = [
    'ALLUSERSPROFILE' => 'C:\\ProgramData'
    'APPDATA' => 'C:\\Users\\PV\\AppData\\Roaming'
    'ChocolateyInstall' => 'C:\\ProgramData\\chocolatey'
    'ChocolateyLastPathUpdate' => '132484373076231548'
    'CommonProgramFiles' => 'C:\\Program Files\\Common Files'
    'CommonProgramFiles(x86)' => 'C:\\Program Files (x86)\\Common Files'
    'CommonProgramW6432' => 'C:\\Program Files\\Common Files'
    'COMPUTERNAME' => 'LAPTOP-QSUS0EII'
    'ComSpec' => 'C:\\WINDOWS\\system32\\cmd.exe'
    'DriverData' => 'C:\\Windows\\System32\\Drivers\\DriverData'
    'ESET_OPTIONS' => '                                                                                                                                                                                                                                                                                                                                                                                                                                                                                                                               '
    'HOMEDRIVE' => 'C:'
    'HOMEPATH' => '\\Users\\PV'
    'LOCALAPPDATA' => 'C:\\Users\\PV\\AppData\\Local'
    'LOGONSERVER' => '\\\\LAPTOP-QSUS0EII'
    'MOZ_PLUGIN_PATH' => 'C:\\Program Files (x86)\\Foxit Software\\Foxit Reader\\plugins\\'
    'MSMPI_BENCHMARKS' => 'C:\\Program Files\\Microsoft MPI\\Benchmarks\\'
    'MSMPI_BIN' => 'C:\\Program Files\\Microsoft MPI\\Bin\\'
    'NUMBER_OF_PROCESSORS' => '8'
    'OneDrive' => 'C:\\Users\\PV\\OneDrive'
    'OneDriveConsumer' => 'C:\\Users\\PV\\OneDrive'
    'OS' => 'Windows_NT'
    'Path' => 'C:\\Program Files (x86)\\Common Files\\Oracle\\Java\\javapath;C:\\ProgramData\\Oracle\\Java\\javapath;C:\\Python39\\Scripts\\;C:\\Python39\\;C:\\Program Files\\Microsoft MPI\\Bin\\;C:\\Windows\\system32;C:\\Windows;C:\\Windows\\System32\\Wbem;C:\\Windows\\System32\\WindowsPowerShell\\v1.0\\;C:\\Windows\\System32\\OpenSSH\\;C:\\Program Files (x86)\\NVIDIA Corporation\\PhysX\\Common;C:\\Program Files\\NVIDIA Corporation\\NVIDIA NvDLISR;C:\\Program Files\\Microsoft SQL Server\\130\\Tools\\Binn\\;C:\\Program Files\\Microsoft SQL Server\\Client SDK\\ODBC\\170\\Tools\\Binn\\;C:\\Program Files\\dotnet\\;C:\\Program Files (x86)\\Microsoft SQL Server\\150\\DTS\\Binn\\;C:\\Program Files (x86)\\Microsoft SQL Server\\150\\Tools\\Binn\\;C:\\Program Files\\Microsoft SQL Server\\150\\Tools\\Binn\\;C:\\Program Files\\Microsoft SQL Server\\150\\DTS\\Binn\\;C:\\ProgramData\\chocolatey\\bin;C:\\WINDOWS\\system32;C:\\WINDOWS;C:\\WINDOWS\\System32\\Wbem;C:\\WINDOWS\\System32\\WindowsPowerShell\\v1.0\\;C:\\WINDOWS\\System32\\OpenSSH\\;C:\\Program Files (x86)\\dotnet\\;C:\\Program Files\\Git\\cmd;C:\\Program Files\\TortoiseGit\\bin;C:\\Program Files (x86)\\nodejs\\;E:\\XAMPP\\php;C:\\composer;C:\\Users\\PV\\AppData\\Local\\Programs\\Python\\Python39\\Scripts\\;C:\\Users\\PV\\AppData\\Local\\Programs\\Python\\Python39\\;C:\\Users\\PV\\AppData\\Local\\Microsoft\\WindowsApps;;C:\\Users\\PV\\.dotnet\\tools;C:\\Users\\PV\\AppData\\Local\\Programs\\Microsoft VS Code\\bin;C:\\Program Files\\JetBrains\\IntelliJ IDEA Community Edition 2020.3.3\\bin;;C:\\Users\\PV\\AppData\\Roaming\\npm;C:\\Users\\PV\\AppData\\Roaming\\Composer\\vendor\\bin'
    'PATHEXT' => '.COM;.EXE;.BAT;.CMD;.VBS;.VBE;.JS;.JSE;.WSF;.WSH;.MSC'
    'PHP_COMMAND' => 'php.exe'
    'PROCESSOR_ARCHITECTURE' => 'AMD64'
    'PROCESSOR_IDENTIFIER' => 'Intel64 Family 6 Model 158 Stepping 13, GenuineIntel'
    'PROCESSOR_LEVEL' => '6'
    'PROCESSOR_REVISION' => '9e0d'
    'ProgramData' => 'C:\\ProgramData'
    'ProgramFiles' => 'C:\\Program Files'
    'ProgramFiles(x86)' => 'C:\\Program Files (x86)'
    'ProgramW6432' => 'C:\\Program Files'
    'PROMPT' => '$P$G'
    'PSModulePath' => 'C:\\Program Files\\WindowsPowerShell\\Modules;C:\\WINDOWS\\system32\\WindowsPowerShell\\v1.0\\Modules;C:\\Program Files (x86)\\Microsoft SQL Server\\150\\Tools\\PowerShell\\Modules\\'
    'PUBLIC' => 'C:\\Users\\Public'
    'SESSIONNAME' => 'Console'
    'SystemDrive' => 'C:'
    'SystemRoot' => 'C:\\WINDOWS'
    'TEMP' => 'C:\\Users\\PV\\AppData\\Local\\Temp'
    'TMP' => 'C:\\Users\\PV\\AppData\\Local\\Temp'
    'USERDOMAIN' => 'LAPTOP-QSUS0EII'
    'USERDOMAIN_ROAMINGPROFILE' => 'LAPTOP-QSUS0EII'
    'USERNAME' => 'PV'
    'USERPROFILE' => 'C:\\Users\\PV'
    'windir' => 'C:\\WINDOWS'
    'YII_PATH' => 'E:\\XAMPP\\htdocs\\Test_0\\yii-application\\'
    'PHP_SELF' => 'E:\\XAMPP\\htdocs\\Test_0\\yii-application\\yii'
    'SCRIPT_NAME' => 'E:\\XAMPP\\htdocs\\Test_0\\yii-application\\yii'
    'SCRIPT_FILENAME' => 'E:\\XAMPP\\htdocs\\Test_0\\yii-application\\yii'
    'PATH_TRANSLATED' => 'E:\\XAMPP\\htdocs\\Test_0\\yii-application\\yii'
    'DOCUMENT_ROOT' => ''
    'REQUEST_TIME_FLOAT' => 1626011114.9816
    'REQUEST_TIME' => 1626011114
    'argv' => [
        0 => 'E:\\XAMPP\\htdocs\\Test_0\\yii-application\\yii'
        1 => 'migrate/create'
        2 => 'Products'
    ]
    'argc' => 3
]
